#
# An unexpected error has been detected by Java Runtime Environment:
#
# java.lang.OutOfMemoryError: requested 32756 bytes for ChunkPool::allocate. Out of swap space?
#
#  Internal Error (414C4C4F434154494F4E0E4350500065), pid=8780, tid=10580
#
# Java VM: Java HotSpot(TM) Client VM (1.6.0_01-b06 mixed mode, sharing)
# If you would like to submit a bug report, please visit:
#   http://java.sun.com/webapps/bugreport/crash.jsp
#

---------------  T H R E A D  ---------------

Current thread (0x021b1000):  JavaThread "CompilerThread0" daemon [_thread_in_native, id=10580]

Stack: [0x044a0000,0x044f0000)
[error occurred during error reporting, step 110, id 0xc0000005]


Current CompileTask:
C1:135      java.net.URLStreamHandler.parseURL(Ljava/net/URL;Ljava/lang/String;II)V (1158 bytes)


---------------  P R O C E S S  ---------------

Java Threads: ( => current thread )
  0x0463f400 JavaThread "Abandoned connection cleanup thread" daemon [_thread_blocked, id=9080]
  0x021c5c00 JavaThread "Low Memory Detector" daemon [_thread_blocked, id=952]
=>0x021b1000 JavaThread "CompilerThread0" daemon [_thread_in_native, id=10580]
  0x021b0400 JavaThread "Attach Listener" daemon [_thread_blocked, id=10320]
  0x021b0000 JavaThread "Signal Dispatcher" daemon [_thread_blocked, id=8952]
  0x021ac800 JavaThread "Finalizer" daemon [_thread_blocked, id=5968]
  0x021a0400 JavaThread "Reference Handler" daemon [_thread_blocked, id=8788]
  0x0217e400 JavaThread "main" [_thread_in_native, id=9588]

Other Threads:
  0x02197400 VMThread [id=10196]
  0x021cf800 WatcherThread [id=8492]

VM state:not at safepoint (normal execution)

VM Mutex/Monitor currently owned by a thread: None

Heap
 def new generation   total 960K, used 817K [0x24480000, 0x24580000, 0x24960000)
  eden space 896K,  84% used [0x24480000, 0x2453c638, 0x24560000)
  from space 64K, 100% used [0x24560000, 0x24570000, 0x24570000)
  to   space 64K,   0% used [0x24570000, 0x24570000, 0x24580000)
 tenured generation   total 4096K, used 1236K [0x24960000, 0x24d60000, 0x28480000)
   the space 4096K,  30% used [0x24960000, 0x24a95068, 0x24a95200, 0x24d60000)
 compacting perm gen  total 12288K, used 2782K [0x28480000, 0x29080000, 0x2c480000)
   the space 12288K,  22% used [0x28480000, 0x28737a18, 0x28737c00, 0x29080000)
    ro space 8192K,  62% used [0x2c480000, 0x2c97e4e8, 0x2c97e600, 0x2cc80000)
    rw space 12288K,  52% used [0x2cc80000, 0x2d2c0e78, 0x2d2c1000, 0x2d880000)

Dynamic libraries:
0x00400000 - 0x00423000 	C:\Program Files (x86)\Java\jre1.6.0_01\bin\javaw.exe
0x77190000 - 0x77310000 	C:\Windows\SysWOW64\ntdll.dll
0x766b0000 - 0x767c0000 	C:\Windows\syswow64\kernel32.dll
0x75490000 - 0x754d7000 	C:\Windows\syswow64\KERNELBASE.dll
0x75090000 - 0x75130000 	C:\Windows\syswow64\ADVAPI32.dll
0x76ce0000 - 0x76d8c000 	C:\Windows\syswow64\msvcrt.dll
0x74e60000 - 0x74e79000 	C:\Windows\SysWOW64\sechost.dll
0x74b80000 - 0x74c70000 	C:\Windows\syswow64\RPCRT4.dll
0x74b20000 - 0x74b80000 	C:\Windows\syswow64\SspiCli.dll
0x74b10000 - 0x74b1c000 	C:\Windows\syswow64\CRYPTBASE.dll
0x75380000 - 0x75480000 	C:\Windows\syswow64\USER32.dll
0x76b40000 - 0x76bd0000 	C:\Windows\syswow64\GDI32.dll
0x76670000 - 0x7667a000 	C:\Windows\syswow64\LPK.dll
0x76290000 - 0x7632d000 	C:\Windows\syswow64\USP10.dll
0x74e00000 - 0x74e60000 	C:\Windows\system32\IMM32.DLL
0x74ca0000 - 0x74d6c000 	C:\Windows\syswow64\MSCTF.dll
0x7c340000 - 0x7c396000 	C:\Program Files (x86)\Java\jre1.6.0_01\bin\msvcr71.dll
0x6d7c0000 - 0x6da07000 	C:\Program Files (x86)\Java\jre1.6.0_01\bin\client\jvm.dll
0x70740000 - 0x70772000 	C:\Windows\system32\WINMM.dll
0x73250000 - 0x7329c000 	C:\Windows\system32\apphelp.dll
0x6d310000 - 0x6d318000 	C:\Program Files (x86)\Java\jre1.6.0_01\bin\hpi.dll
0x752e0000 - 0x752e5000 	C:\Windows\syswow64\PSAPI.DLL
0x6d770000 - 0x6d77c000 	C:\Program Files (x86)\Java\jre1.6.0_01\bin\verify.dll
0x6d3b0000 - 0x6d3cf000 	C:\Program Files (x86)\Java\jre1.6.0_01\bin\java.dll
0x6d7b0000 - 0x6d7bf000 	C:\Program Files (x86)\Java\jre1.6.0_01\bin\zip.dll
0x6d570000 - 0x6d583000 	C:\Program Files (x86)\Java\jre1.6.0_01\bin\net.dll
0x76330000 - 0x76365000 	C:\Windows\syswow64\WS2_32.dll
0x77160000 - 0x77166000 	C:\Windows\syswow64\NSI.dll
0x72350000 - 0x7238c000 	C:\Windows\system32\mswsock.dll
0x72330000 - 0x72336000 	C:\Windows\System32\wship6.dll
0x72340000 - 0x72345000 	C:\Windows\System32\wshtcpip.dll
0x70b10000 - 0x70b54000 	C:\Windows\system32\DNSAPI.dll
0x722d0000 - 0x722f7000 	C:\Program Files (x86)\Common Files\Microsoft Shared\Windows Live\WLIDNSP.DLL
0x76c80000 - 0x76cd7000 	C:\Windows\syswow64\SHLWAPI.dll
0x72de0000 - 0x72dfc000 	C:\Windows\system32\IPHLPAPI.DLL
0x726a0000 - 0x726a7000 	C:\Windows\system32\WINNSI.DLL
0x70b00000 - 0x70b06000 	C:\Windows\system32\rasadhlp.dll
0x70ac0000 - 0x70af8000 	C:\Windows\System32\fwpuclnt.dll

VM Arguments:
jvm_args: -Dfile.encoding=Cp1252
java_command: inventory.Shop
Launcher Type: SUN_STANDARD

Environment Variables:
JAVA_HOME=C:\Program Files (x86)\Java\jdk1.6.0_01
JRE_HOME=C:\Program Files (x86)\Java\jre1.6.0_01
CLASSPATH=.;C:\Program Files (x86)\Java\jdk1.6.0_01\bin;C:\Program Files (x86)\Java\jre1.6.0_01\bin;C:\Program Files (x86)\Java
PATH=C:/Program Files (x86)/Java/jdk1.6.0_01/bin/../jre/bin/client;C:/Program Files (x86)/Java/jdk1.6.0_01/bin/../jre/bin;C:/Program Files (x86)/Java/jdk1.6.0_01/bin/../jre/lib/i386;D:\New folder\mysql-5.7.16-winx64\bin;.;C:\Program Files (x86)\Java\jdk1.6.0_01\bin;C:\Program Files (x86)\Java\jre1.6.0_01\bin;C:\Program Files (x86)\Java;D:\sinha\juno\eclipse;
USERNAME=TOPGUN
OS=Windows_NT
PROCESSOR_IDENTIFIER=Intel64 Family 6 Model 42 Stepping 7, GenuineIntel



---------------  S Y S T E M  ---------------

OS: Windows NT 6.1 Build 7601 Service Pack 1

CPU:total 4 family 6, cmov, cx8, fxsr, mmx, sse, sse2

Memory: 4k page, physical 4140912k(141748k free), swap 4194303k(4620k free)

vm_info: Java HotSpot(TM) Client VM (1.6.0_01-b06) for windows-x86, built on Mar 14 2007 00:24:02 by "java_re" with unknown MS VC++:1310

